<?xml version="1.0" encoding="UTF-8"?>
<!-- Generated by org.testng.reporters.JUnitReportReporter -->
<testsuite hostname="M262LTRV" failures="0" tests="2" name="testcases.LoginTC" time="29.450" errors="0" timestamp="2024-02-28T15:11:15 IST" skipped="1">
  <testcase classname="testcases.LoginTC" name="validLogin" time="29.450"/>
  <system-out/>
  <testcase classname="testcases.LoginTC" name="invalidLogin">
    <skipped/>
  </testcase> <!-- invalidLogin -->
  <system-out/>
</testsuite> <!-- testcases.LoginTC -->
