<?xml version="1.0" encoding="UTF-8"?>
<!-- Generated by org.testng.reporters.JUnitReportReporter -->
<testsuite hostname="M262LTRV" failures="0" tests="1" name="testcases.PurchaseProductsTC" time="19.745" errors="0" timestamp="2024-02-28T16:44:23 IST" skipped="0">
  <testcase classname="testcases.PurchaseProductsTC" name="placeOrder" time="19.745"/>
  <system-out/>
</testsuite> <!-- testcases.PurchaseProductsTC -->
